<?xml version="1.0" encoding="UTF-8"?>
<!-- Generated by org.testng.reporters.JUnitXMLReporter -->
<testsuite hostname="C02ZK3UQLVDM" ignored="0" name="Command line test" tests="3" failures="0" timestamp="2022-01-30T22:56:17 IST" time="0.03" errors="0">
  <testcase name="test1" time="0.004" classname="mavenlearning.com.demoTest"/>
  <testcase name="test2" time="0.0" classname="mavenlearning.com.demoTest"/>
  <testcase name="test3" time="0.0" classname="mavenlearning.com.demoTest"/>
</testsuite> <!-- Command line test -->
