<?xml version="1.0" encoding="UTF-8"?>
<testng-results skipped="0" failed="0" ignored="0" total="3" passed="3">
  <reporter-output>
  </reporter-output>
  <suite name="Command line suite" duration-ms="30" started-at="2022-01-30T22:56:17 IST" finished-at="2022-01-30T22:56:17 IST">
    <groups>
    </groups>
    <test name="Command line test" duration-ms="30" started-at="2022-01-30T22:56:17 IST" finished-at="2022-01-30T22:56:17 IST">
      <class name="mavenlearning.com.demoTest">
        <test-method status="PASS" signature="test1()[pri:0, instance:mavenlearning.com.demoTest@6d7b4f4c]" name="test1" duration-ms="4" started-at="2022-01-30T22:56:17 IST" finished-at="2022-01-30T22:56:17 IST">
          <reporter-output>
          </reporter-output>
        </test-method> <!-- test1 -->
        <test-method status="PASS" signature="test3()[pri:0, instance:mavenlearning.com.demoTest@6d7b4f4c]" name="test3" duration-ms="0" started-at="2022-01-30T22:56:17 IST" finished-at="2022-01-30T22:56:17 IST">
          <reporter-output>
          </reporter-output>
        </test-method> <!-- test3 -->
        <test-method status="PASS" signature="test2()[pri:0, instance:mavenlearning.com.demoTest@6d7b4f4c]" name="test2" duration-ms="0" started-at="2022-01-30T22:56:17 IST" finished-at="2022-01-30T22:56:17 IST">
          <reporter-output>
          </reporter-output>
        </test-method> <!-- test2 -->
      </class> <!-- mavenlearning.com.demoTest -->
    </test> <!-- Command line test -->
  </suite> <!-- Command line suite -->
</testng-results>
